# JRE version: OpenJDK Runtime Environment (8.0_202-b03) (build 1.8.0_202-release-1483-b03)
# Java VM: OpenJDK 64-Bit Server VM (25.202-b03 mixed mode windows-amd64 compressed oops)
Heap:
 PSYoungGen      total 142848K, used 31175K [0x00000000e0000000, 0x00000000eb380000, 0x0000000100000000)
  eden space 101888K, 2% used [0x00000000e0000000,0x00000000e026f7c8,0x00000000e6380000)
  from space 40960K, 70% used [0x00000000e8b80000,0x00000000ea7826f8,0x00000000eb380000)
  to   space 39936K, 0% used [0x00000000e6480000,0x00000000e6480000,0x00000000e8b80000)
 ParOldGen       total 297472K, used 54109K [0x00000000a0000000, 0x00000000b2280000, 0x00000000e0000000)
  object space 297472K, 18% used [0x00000000a0000000,0x00000000a34d74a8,0x00000000b2280000)
 Metaspace       used 91511K, capacity 97196K, committed 97280K, reserved 1132544K
  class space    used 12234K, capacity 13272K, committed 13312K, reserved 1048576K
GC Heap History (10 events):
Event: 4032.370 GC heap before
{Heap before GC invocations=19 (full 3):
 PSYoungGen      total 132608K, used 132333K [0x00000000e0000000, 0x00000000eaf80000, 0x0000000100000000)
  eden space 108032K, 100% used [0x00000000e0000000,0x00000000e6980000,0x00000000e6980000)
  from space 24576K, 98% used [0x00000000e6b00000,0x00000000e82bb5f8,0x00000000e8300000)
  to   space 35840K, 0% used [0x00000000e8c80000,0x00000000e8c80000,0x00000000eaf80000)
 ParOldGen       total 297472K, used 54069K [0x00000000a0000000, 0x00000000b2280000, 0x00000000e0000000)
  object space 297472K, 18% used [0x00000000a0000000,0x00000000a34cd4a8,0x00000000b2280000)
 Metaspace       used 88261K, capacity 92898K, committed 93056K, reserved 1130496K
  class space    used 11806K, capacity 12662K, committed 12672K, reserved 1048576K
Event: 4032.419 GC heap after
Heap after GC invocations=19 (full 3):
 PSYoungGen      total 142336K, used 26663K [0x00000000e0000000, 0x00000000eb100000, 0x0000000100000000)
  eden space 106496K, 0% used [0x00000000e0000000,0x00000000e0000000,0x00000000e6800000)
  from space 35840K, 74% used [0x00000000e8c80000,0x00000000ea689e38,0x00000000eaf80000)
  to   space 37376K, 0% used [0x00000000e6800000,0x00000000e6800000,0x00000000e8c80000)
 ParOldGen       total 297472K, used 54077K [0x00000000a0000000, 0x00000000b2280000, 0x00000000e0000000)
  object space 297472K, 18% used [0x00000000a0000000,0x00000000a34cf4a8,0x00000000b2280000)
 Metaspace       used 88261K, capacity 92898K, committed 93056K, reserved 1130496K
  class space    used 11806K, capacity 12662K, committed 12672K, reserved 1048576K
}
Event: 4122.761 GC heap before
{Heap before GC invocations=20 (full 3):
 PSYoungGen      total 142336K, used 133159K [0x00000000e0000000, 0x00000000eb100000, 0x0000000100000000)
  eden space 106496K, 100% used [0x00000000e0000000,0x00000000e6800000,0x00000000e6800000)
  from space 35840K, 74% used [0x00000000e8c80000,0x00000000ea689e38,0x00000000eaf80000)
  to   space 37376K, 0% used [0x00000000e6800000,0x00000000e6800000,0x00000000e8c80000)
 ParOldGen       total 297472K, used 54077K [0x00000000a0000000, 0x00000000b2280000, 0x00000000e0000000)
  object space 297472K, 18% used [0x00000000a0000000,0x00000000a34cf4a8,0x00000000b2280000)
 Metaspace       used 89043K, capacity 94166K, committed 94336K, reserved 1130496K
  class space    used 11901K, capacity 12841K, committed 12928K, reserved 1048576K
Event: 4122.794 GC heap after
Heap after GC invocations=20 (full 3):
 PSYoungGen      total 129536K, used 24202K [0x00000000e0000000, 0x00000000eb080000, 0x0000000100000000)
  eden space 104960K, 0% used [0x00000000e0000000,0x00000000e0000000,0x00000000e6680000)
  from space 24576K, 98% used [0x00000000e6800000,0x00000000e7fa2be8,0x00000000e8000000)
  to   space 37888K, 0% used [0x00000000e8b80000,0x00000000e8b80000,0x00000000eb080000)
 ParOldGen       total 297472K, used 54085K [0x00000000a0000000, 0x00000000b2280000, 0x00000000e0000000)
  object space 297472K, 18% used [0x00000000a0000000,0x00000000a34d14a8,0x00000000b2280000)
 Metaspace       used 89043K, capacity 94166K, committed 94336K, reserved 1130496K
  class space    used 11901K, capacity 12841K, committed 12928K, reserved 1048576K
}
Event: 4124.713 GC heap before
{Heap before GC invocations=21 (full 3):
 PSYoungGen      total 129536K, used 129162K [0x00000000e0000000, 0x00000000eb080000, 0x0000000100000000)
  eden space 104960K, 100% used [0x00000000e0000000,0x00000000e6680000,0x00000000e6680000)
  from space 24576K, 98% used [0x00000000e6800000,0x00000000e7fa2be8,0x00000000e8000000)
  to   space 37888K, 0% used [0x00000000e8b80000,0x00000000e8b80000,0x00000000eb080000)
 ParOldGen       total 297472K, used 54085K [0x00000000a0000000, 0x00000000b2280000, 0x00000000e0000000)
  object space 297472K, 18% used [0x00000000a0000000,0x00000000a34d14a8,0x00000000b2280000)
 Metaspace       used 90421K, capacity 95834K, committed 96128K, reserved 1132544K
  class space    used 12103K, capacity 13105K, committed 13184K, reserved 1048576K
Event: 4124.750 GC heap after
Heap after GC invocations=21 (full 3):
 PSYoungGen      total 140800K, used 29324K [0x00000000e0000000, 0x00000000eb380000, 0x0000000100000000)
  eden space 102912K, 0% used [0x00000000e0000000,0x00000000e0000000,0x00000000e6480000)
  from space 37888K, 77% used [0x00000000e8b80000,0x00000000ea823180,0x00000000eb080000)
  to   space 39936K, 0% used [0x00000000e6480000,0x00000000e6480000,0x00000000e8b80000)
 ParOldGen       total 297472K, used 54093K [0x00000000a0000000, 0x00000000b2280000, 0x00000000e0000000)
  object space 297472K, 18% used [0x00000000a0000000,0x00000000a34d34a8,0x00000000b2280000)
 Metaspace       used 90421K, capacity 95834K, committed 96128K, reserved 1132544K
  class space    used 12103K, capacity 13105K, committed 13184K, reserved 1048576K
}
Event: 4138.356 GC heap before
{Heap before GC invocations=22 (full 3):
 PSYoungGen      total 140800K, used 132236K [0x00000000e0000000, 0x00000000eb380000, 0x0000000100000000)
  eden space 102912K, 100% used [0x00000000e0000000,0x00000000e6480000,0x00000000e6480000)
  from space 37888K, 77% used [0x00000000e8b80000,0x00000000ea823180,0x00000000eb080000)
  to   space 39936K, 0% used [0x00000000e6480000,0x00000000e6480000,0x00000000e8b80000)
 ParOldGen       total 297472K, used 54093K [0x00000000a0000000, 0x00000000b2280000, 0x00000000e0000000)
  object space 297472K, 18% used [0x00000000a0000000,0x00000000a34d34a8,0x00000000b2280000)
 Metaspace       used 90882K, capacity 96460K, committed 96640K, reserved 1132544K
  class space    used 12145K, capacity 13184K, committed 13184K, reserved 1048576K
Event: 4138.395 GC heap after
Heap after GC invocations=22 (full 3):
 PSYoungGen      total 141824K, used 28815K [0x00000000e0000000, 0x00000000eb380000, 0x0000000100000000)
  eden space 101888K, 0% used [0x00000000e0000000,0x00000000e0000000,0x00000000e6380000)
  from space 39936K, 72% used [0x00000000e6480000,0x00000000e80a3e20,0x00000000e8b80000)
  to   space 40960K, 0% used [0x00000000e8b80000,0x00000000e8b80000,0x00000000eb380000)
 ParOldGen       total 297472K, used 54101K [0x00000000a0000000, 0x00000000b2280000, 0x00000000e0000000)
  object space 297472K, 18% used [0x00000000a0000000,0x00000000a34d54a8,0x00000000b2280000)
 Metaspace       used 90882K, capacity 96460K, committed 96640K, reserved 1132544K
  class space    used 12145K, capacity 13184K, committed 13184K, reserved 1048576K
}
Event: 4198.381 GC heap before
{Heap before GC invocations=23 (full 3):
 PSYoungGen      total 141824K, used 130703K [0x00000000e0000000, 0x00000000eb380000, 0x0000000100000000)
  eden space 101888K, 100% used [0x00000000e0000000,0x00000000e6380000,0x00000000e6380000)
  from space 39936K, 72% used [0x00000000e6480000,0x00000000e80a3e20,0x00000000e8b80000)
  to   space 40960K, 0% used [0x00000000e8b80000,0x00000000e8b80000,0x00000000eb380000)
 ParOldGen       total 297472K, used 54101K [0x00000000a0000000, 0x00000000b2280000, 0x00000000e0000000)
  object space 297472K, 18% used [0x00000000a0000000,0x00000000a34d54a8,0x00000000b2280000)
 Metaspace       used 91509K, capacity 97196K, committed 97280K, reserved 1132544K
  class space    used 12234K, capacity 13272K, committed 13312K, reserved 1048576K
Event: 4198.421 GC heap after
Heap after GC invocations=23 (full 3):
 PSYoungGen      total 142848K, used 28681K [0x00000000e0000000, 0x00000000eb380000, 0x0000000100000000)
  eden space 101888K, 0% used [0x00000000e0000000,0x00000000e0000000,0x00000000e6380000)
  from space 40960K, 70% used [0x00000000e8b80000,0x00000000ea7826f8,0x00000000eb380000)
  to   space 39936K, 0% used [0x00000000e6480000,0x00000000e6480000,0x00000000e8b80000)
 ParOldGen       total 297472K, used 54109K [0x00000000a0000000, 0x00000000b2280000, 0x00000000e0000000)
  object space 297472K, 18% used [0x00000000a0000000,0x00000000a34d74a8,0x00000000b2280000)
 Metaspace       used 91509K, capacity 97196K, committed 97280K, reserved 1132544K
  class space    used 12234K, capacity 13272K, committed 13312K, reserved 1048576K
}

